Tue Nov 14 17:42:35 EST 2017 : Apache Derby Network Server - 10.10.2.0 - (1582446) started and ready to accept connections on port 1527
----------------------------------------------------------------
Tue Nov 14 17:42:35 EST 2017:
Booting Derby version The Apache Software Foundation - Apache Derby - 10.10.2.0 - (1582446): instance a816c00e-015f-bcb2-cb6e-ffffebd86973 
on database directory /Users/michaelcavallaro/Documents/GitHub/FoodMoodV1/db/FoodMood with class loader sun.misc.Launcher$AppClassLoader@6f94fa3e 
Loaded from file:/Users/michaelcavallaro/Documents/GitHub/FoodMoodV1/db/glassfish-4.1.1/javadb/lib/derby.jar
java.vendor=Oracle Corporation
java.runtime.version=1.8.0_101-b13
user.dir=/Users/michaelcavallaro/Documents/GitHub/FoodMoodV1/db/glassfish-4.1.1/javadb
os.name=Mac OS X
os.arch=x86_64
os.version=10.12.6
derby.system.home=/Users/michaelcavallaro/Documents/GitHub/FoodMoodV1/db
Database Class Loader started - derby.database.classpath=''
----------------------------------------------------------------
Tue Nov 14 17:42:35 EST 2017:
Shutting down instance a816c00e-015f-bcb2-cb6e-ffffebd86973 on database directory /Users/michaelcavallaro/Documents/GitHub/FoodMoodV1/db/FoodMood with class loader sun.misc.Launcher$AppClassLoader@6f94fa3e 
Tue Nov 14 17:42:35 EST 2017 Thread[DRDAConnThread_3,5,main] (DATABASE = FoodMood), (DRDAID = {2}), Database 'FoodMood' shutdown.
----------------------------------------------------------------
Tue Nov 14 17:42:49 EST 2017:
Booting Derby version The Apache Software Foundation - Apache Derby - 10.10.2.0 - (1582446): instance 560740aa-015f-bcb2-cb6e-ffffebd86973 
on database directory /Users/michaelcavallaro/Documents/GitHub/FoodMoodV1/db/FoodMood with class loader sun.misc.Launcher$AppClassLoader@6f94fa3e 
Loaded from file:/Users/michaelcavallaro/Documents/GitHub/FoodMoodV1/db/glassfish-4.1.1/javadb/lib/derby.jar
java.vendor=Oracle Corporation
java.runtime.version=1.8.0_101-b13
user.dir=/Users/michaelcavallaro/Documents/GitHub/FoodMoodV1/db/glassfish-4.1.1/javadb
os.name=Mac OS X
os.arch=x86_64
os.version=10.12.6
derby.system.home=/Users/michaelcavallaro/Documents/GitHub/FoodMoodV1/db
Database Class Loader started - derby.database.classpath=''
